text.txt output.txt enc DES CBC 129
output.txt output2.txt dec DES CBC 134
text.txt output.txt enc DES CFB 126
output.txt output2.txt dec DES CFB 121
text.txt output.txt enc DES OFB 122
output.txt output2.txt dec DES OFB 124
text.txt output.txt enc DES CTR 510
output.txt output2.txt dec DES CTR 458
text.txt output.txt enc 3DES CBC 131
output.txt output2.txt dec 3DES CBC 134
text.txt output.txt enc 3DES CFB 134
output.txt output2.txt dec 3DES CFB 133
text.txt output.txt enc 3DES OFB 137
output.txt output2.txt dec 3DES OFB 126
text.txt output.txt enc 3DES CTR 558
output.txt output2.txt dec 3DES CTR 489
text.txt output.txt enc DES CBC 140
output.txt output2.txt dec DES CBC 115
output.txt output2.txt dec DES CBC 133
output.txt output2.txt dec DES CBC 132
output.txt output2.txt dec DES CBC 134
output.txt output2.txt dec DES CBC 124